<?xml version="1.0" encoding="UTF-8"?>
<!-- Generated by org.testng.reporters.JUnitReportReporter -->
<testsuite hostname="DESKTOP-4K1RNL9" failures="0" tests="1" name="TestCases.VerifyLogin" time="4.888" errors="0" timestamp="2022-11-03T20:47:35 IST" skipped="0">
  <testcase classname="TestCases.VerifyLogin" name="login" time="4.888"/>
  <system-out/>
</testsuite> <!-- TestCases.VerifyLogin -->
