<?xml version="1.0" encoding="UTF-8"?>
<!-- Generated by org.testng.reporters.JUnitReportReporter -->
<testsuite hostname="DESKTOP-4K1RNL9" failures="0" tests="1" name="TestCases.VerifySignup" time="12.881" errors="0" timestamp="2022-11-04T00:10:19 IST" skipped="0">
  <testcase classname="TestCases.VerifySignup" name="signup" time="12.881"/>
  <system-out/>
</testsuite> <!-- TestCases.VerifySignup -->
